<?xml version="1.0" encoding="UTF-8"?>
<!-- Generated by org.testng.reporters.JUnitReportReporter -->
<testsuite hostname="Desire" failures="0" tests="4" name="api.test.UserTests" time="8.246" errors="0" timestamp="2024-03-11T23:17:49 IST" skipped="0">
  <testcase classname="api.test.UserTests" name="testPostUser" time="3.129"/>
  <system-out/>
  <testcase classname="api.test.UserTests" name="testGetUserByName" time="1.238"/>
  <system-out/>
  <testcase classname="api.test.UserTests" name="testUpdateUserByName" time="2.548"/>
  <system-out/>
  <testcase classname="api.test.UserTests" name="testDeleteUserByName" time="1.331"/>
  <system-out/>
</testsuite> <!-- api.test.UserTests -->
