<?xml version="1.0" encoding="UTF-8"?>
<!-- Generated by org.testng.reporters.JUnitReportReporter -->
<testsuite hostname="Desire" failures="0" tests="6" name="api.test.DDTests" time="9.226" errors="0" timestamp="2024-03-11T23:17:49 IST" skipped="0">
  <testcase classname="api.test.DDTests" name="testPostuser" time="1.328"/>
  <system-out/>
  <testcase classname="api.test.DDTests" name="testPostuser" time="1.431"/>
  <system-out/>
  <testcase classname="api.test.DDTests" name="testPostuser" time="1.559"/>
  <system-out/>
  <testcase classname="api.test.DDTests" name="testDeleteUserByName" time="1.649"/>
  <system-out/>
  <testcase classname="api.test.DDTests" name="testDeleteUserByName" time="1.427"/>
  <system-out/>
  <testcase classname="api.test.DDTests" name="testDeleteUserByName" time="1.832"/>
  <system-out/>
</testsuite> <!-- api.test.DDTests -->
